<?xml version="1.0" encoding="UTF-8"?>
<testsuite name="FunctionTest" tests="1" skipped="0" failures="0" errors="0" timestamp="2022-06-07T00:39:03" hostname="192.168.1.218" time="0.104">
  <properties/>
  <testcase name="test1()" classname="FunctionTest" time="0.104"/>
  <system-out><![CDATA[lightgrey
]]></system-out>
  <system-err><![CDATA[]]></system-err>
</testsuite>
